2022-02-13 23:55:34 [scrapy.utils.log] INFO: Scrapy 2.5.1 started (bot: PDFSpider)
2022-02-13 23:55:34 [scrapy.utils.log] INFO: Versions: lxml 4.6.3.0, libxml2 2.9.10, cssselect 1.1.0, parsel 1.6.0, w3lib 1.22.0, Twisted 22.1.0, Python 3.8.8 (default, Apr 13 2021, 12:59:45) - [Clang 10.0.0 ], pyOpenSSL 20.0.1 (OpenSSL 1.1.1k  25 Mar 2021), cryptography 3.4.7, Platform macOS-10.16-x86_64-i386-64bit
2022-02-13 23:55:34 [scrapy.crawler] INFO: Overridden settings:
{'BOT_NAME': 'PDFSpider',
 'LOG_FILE': 'logfile.log',
 'LOG_LEVEL': 'INFO',
 'NEWSPIDER_MODULE': 'PDFSpider.spiders',
 'ROBOTSTXT_OBEY': True,
 'SPIDER_MODULES': ['PDFSpider.spiders']}
2022-02-13 23:55:34 [scrapy.extensions.telnet] INFO: Telnet Password: 65fb1eaaa5d465bb
2022-02-13 23:55:34 [scrapy.middleware] INFO: Enabled extensions:
['scrapy.extensions.corestats.CoreStats',
 'scrapy.extensions.telnet.TelnetConsole',
 'scrapy.extensions.memusage.MemoryUsage',
 'scrapy.extensions.logstats.LogStats']
2022-02-13 23:55:34 [scrapy.middleware] INFO: Enabled downloader middlewares:
['scrapy.downloadermiddlewares.robotstxt.RobotsTxtMiddleware',
 'scrapy.downloadermiddlewares.httpauth.HttpAuthMiddleware',
 'scrapy.downloadermiddlewares.downloadtimeout.DownloadTimeoutMiddleware',
 'scrapy.downloadermiddlewares.defaultheaders.DefaultHeadersMiddleware',
 'scrapy.downloadermiddlewares.useragent.UserAgentMiddleware',
 'scrapy.downloadermiddlewares.retry.RetryMiddleware',
 'scrapy.downloadermiddlewares.redirect.MetaRefreshMiddleware',
 'scrapy.downloadermiddlewares.httpcompression.HttpCompressionMiddleware',
 'scrapy.downloadermiddlewares.redirect.RedirectMiddleware',
 'scrapy.downloadermiddlewares.cookies.CookiesMiddleware',
 'scrapy.downloadermiddlewares.httpproxy.HttpProxyMiddleware',
 'scrapy.downloadermiddlewares.stats.DownloaderStats']
2022-02-13 23:55:34 [scrapy.middleware] INFO: Enabled spider middlewares:
['scrapy.spidermiddlewares.httperror.HttpErrorMiddleware',
 'scrapy.spidermiddlewares.offsite.OffsiteMiddleware',
 'scrapy.spidermiddlewares.referer.RefererMiddleware',
 'scrapy.spidermiddlewares.urllength.UrlLengthMiddleware',
 'scrapy.spidermiddlewares.depth.DepthMiddleware']
2022-02-13 23:55:34 [scrapy.middleware] INFO: Enabled item pipelines:
[]
2022-02-13 23:55:34 [scrapy.core.engine] INFO: Spider opened
2022-02-13 23:55:34 [scrapy.extensions.logstats] INFO: Crawled 0 pages (at 0 pages/min), scraped 0 items (at 0 items/min)
2022-02-13 23:55:34 [scrapy.extensions.telnet] INFO: Telnet console listening on 127.0.0.1:6023
2022-02-13 23:55:37 [scrapy.core.engine] INFO: Closing spider (finished)
2022-02-13 23:55:37 [scrapy.statscollectors] INFO: Dumping Scrapy stats:
{'downloader/request_bytes': 457,
 'downloader/request_count': 2,
 'downloader/request_method_count/GET': 2,
 'downloader/response_bytes': 13665,
 'downloader/response_count': 2,
 'downloader/response_status_count/200': 1,
 'downloader/response_status_count/403': 1,
 'elapsed_time_seconds': 2.908618,
 'finish_reason': 'finished',
 'finish_time': datetime.datetime(2022, 2, 14, 5, 55, 37, 679313),
 'item_scraped_count': 8,
 'log_count/INFO': 10,
 'memusage/max': 60305408,
 'memusage/startup': 60305408,
 'response_received_count': 2,
 'robotstxt/request_count': 1,
 'robotstxt/response_count': 1,
 'robotstxt/response_status_count/403': 1,
 'scheduler/dequeued': 1,
 'scheduler/dequeued/memory': 1,
 'scheduler/enqueued': 1,
 'scheduler/enqueued/memory': 1,
 'start_time': datetime.datetime(2022, 2, 14, 5, 55, 34, 770695)}
2022-02-13 23:55:37 [scrapy.core.engine] INFO: Spider closed (finished)
2022-02-13 23:55:47 [scrapy.utils.log] INFO: Scrapy 2.5.1 started (bot: PDFSpider)
2022-02-13 23:55:47 [scrapy.utils.log] INFO: Versions: lxml 4.6.3.0, libxml2 2.9.10, cssselect 1.1.0, parsel 1.6.0, w3lib 1.22.0, Twisted 22.1.0, Python 3.8.8 (default, Apr 13 2021, 12:59:45) - [Clang 10.0.0 ], pyOpenSSL 20.0.1 (OpenSSL 1.1.1k  25 Mar 2021), cryptography 3.4.7, Platform macOS-10.16-x86_64-i386-64bit
2022-02-13 23:55:47 [scrapy.crawler] INFO: Overridden settings:
{'BOT_NAME': 'PDFSpider',
 'LOG_FILE': 'logfile.log',
 'LOG_LEVEL': 'INFO',
 'NEWSPIDER_MODULE': 'PDFSpider.spiders',
 'ROBOTSTXT_OBEY': True,
 'SPIDER_MODULES': ['PDFSpider.spiders']}
2022-02-13 23:55:47 [scrapy.extensions.telnet] INFO: Telnet Password: 05a10b673c33816c
2022-02-13 23:55:47 [scrapy.middleware] INFO: Enabled extensions:
['scrapy.extensions.corestats.CoreStats',
 'scrapy.extensions.telnet.TelnetConsole',
 'scrapy.extensions.memusage.MemoryUsage',
 'scrapy.extensions.logstats.LogStats']
2022-02-13 23:55:47 [scrapy.middleware] INFO: Enabled downloader middlewares:
['scrapy.downloadermiddlewares.robotstxt.RobotsTxtMiddleware',
 'scrapy.downloadermiddlewares.httpauth.HttpAuthMiddleware',
 'scrapy.downloadermiddlewares.downloadtimeout.DownloadTimeoutMiddleware',
 'scrapy.downloadermiddlewares.defaultheaders.DefaultHeadersMiddleware',
 'scrapy.downloadermiddlewares.useragent.UserAgentMiddleware',
 'scrapy.downloadermiddlewares.retry.RetryMiddleware',
 'scrapy.downloadermiddlewares.redirect.MetaRefreshMiddleware',
 'scrapy.downloadermiddlewares.httpcompression.HttpCompressionMiddleware',
 'scrapy.downloadermiddlewares.redirect.RedirectMiddleware',
 'scrapy.downloadermiddlewares.cookies.CookiesMiddleware',
 'scrapy.downloadermiddlewares.httpproxy.HttpProxyMiddleware',
 'scrapy.downloadermiddlewares.stats.DownloaderStats']
2022-02-13 23:55:47 [scrapy.middleware] INFO: Enabled spider middlewares:
['scrapy.spidermiddlewares.httperror.HttpErrorMiddleware',
 'scrapy.spidermiddlewares.offsite.OffsiteMiddleware',
 'scrapy.spidermiddlewares.referer.RefererMiddleware',
 'scrapy.spidermiddlewares.urllength.UrlLengthMiddleware',
 'scrapy.spidermiddlewares.depth.DepthMiddleware']
2022-02-13 23:55:47 [scrapy.middleware] INFO: Enabled item pipelines:
[]
2022-02-13 23:55:47 [scrapy.core.engine] INFO: Spider opened
2022-02-13 23:55:47 [scrapy.extensions.logstats] INFO: Crawled 0 pages (at 0 pages/min), scraped 0 items (at 0 items/min)
2022-02-13 23:55:47 [scrapy.extensions.telnet] INFO: Telnet console listening on 127.0.0.1:6023
2022-02-13 23:56:40 [scrapy.core.engine] INFO: Closing spider (finished)
2022-02-13 23:56:40 [scrapy.statscollectors] INFO: Dumping Scrapy stats:
{'downloader/request_bytes': 457,
 'downloader/request_count': 2,
 'downloader/request_method_count/GET': 2,
 'downloader/response_bytes': 28900,
 'downloader/response_count': 2,
 'downloader/response_status_count/200': 2,
 'elapsed_time_seconds': 53.177919,
 'finish_reason': 'finished',
 'finish_time': datetime.datetime(2022, 2, 14, 5, 56, 40, 588131),
 'httpcompression/response_bytes': 212393,
 'httpcompression/response_count': 2,
 'item_scraped_count': 95,
 'log_count/INFO': 10,
 'memusage/max': 60653568,
 'memusage/startup': 60653568,
 'response_received_count': 2,
 'robotstxt/request_count': 1,
 'robotstxt/response_count': 1,
 'robotstxt/response_status_count/200': 1,
 'scheduler/dequeued': 1,
 'scheduler/dequeued/memory': 1,
 'scheduler/enqueued': 1,
 'scheduler/enqueued/memory': 1,
 'start_time': datetime.datetime(2022, 2, 14, 5, 55, 47, 410212)}
2022-02-13 23:56:40 [scrapy.core.engine] INFO: Spider closed (finished)
2022-02-14 00:02:25 [scrapy.utils.log] INFO: Scrapy 2.5.1 started (bot: PDFSpider)
2022-02-14 00:02:25 [scrapy.utils.log] INFO: Versions: lxml 4.6.3.0, libxml2 2.9.10, cssselect 1.1.0, parsel 1.6.0, w3lib 1.22.0, Twisted 22.1.0, Python 3.8.8 (default, Apr 13 2021, 12:59:45) - [Clang 10.0.0 ], pyOpenSSL 20.0.1 (OpenSSL 1.1.1k  25 Mar 2021), cryptography 3.4.7, Platform macOS-10.16-x86_64-i386-64bit
2022-02-14 00:02:25 [scrapy.crawler] INFO: Overridden settings:
{'BOT_NAME': 'PDFSpider',
 'LOG_FILE': 'logfile.log',
 'LOG_LEVEL': 'INFO',
 'NEWSPIDER_MODULE': 'PDFSpider.spiders',
 'ROBOTSTXT_OBEY': True,
 'SPIDER_MODULES': ['PDFSpider.spiders']}
2022-02-14 00:02:25 [scrapy.extensions.telnet] INFO: Telnet Password: a41538f19236aee5
2022-02-14 00:02:25 [scrapy.middleware] INFO: Enabled extensions:
['scrapy.extensions.corestats.CoreStats',
 'scrapy.extensions.telnet.TelnetConsole',
 'scrapy.extensions.memusage.MemoryUsage',
 'scrapy.extensions.logstats.LogStats']
2022-02-14 00:02:25 [scrapy.middleware] INFO: Enabled downloader middlewares:
['scrapy.downloadermiddlewares.robotstxt.RobotsTxtMiddleware',
 'scrapy.downloadermiddlewares.httpauth.HttpAuthMiddleware',
 'scrapy.downloadermiddlewares.downloadtimeout.DownloadTimeoutMiddleware',
 'scrapy.downloadermiddlewares.defaultheaders.DefaultHeadersMiddleware',
 'scrapy.downloadermiddlewares.useragent.UserAgentMiddleware',
 'scrapy.downloadermiddlewares.retry.RetryMiddleware',
 'scrapy.downloadermiddlewares.redirect.MetaRefreshMiddleware',
 'scrapy.downloadermiddlewares.httpcompression.HttpCompressionMiddleware',
 'scrapy.downloadermiddlewares.redirect.RedirectMiddleware',
 'scrapy.downloadermiddlewares.cookies.CookiesMiddleware',
 'scrapy.downloadermiddlewares.httpproxy.HttpProxyMiddleware',
 'scrapy.downloadermiddlewares.stats.DownloaderStats']
2022-02-14 00:02:25 [scrapy.middleware] INFO: Enabled spider middlewares:
['scrapy.spidermiddlewares.httperror.HttpErrorMiddleware',
 'scrapy.spidermiddlewares.offsite.OffsiteMiddleware',
 'scrapy.spidermiddlewares.referer.RefererMiddleware',
 'scrapy.spidermiddlewares.urllength.UrlLengthMiddleware',
 'scrapy.spidermiddlewares.depth.DepthMiddleware']
2022-02-14 00:02:25 [scrapy.middleware] INFO: Enabled item pipelines:
[]
2022-02-14 00:02:25 [scrapy.core.engine] INFO: Spider opened
2022-02-14 00:02:25 [scrapy.extensions.logstats] INFO: Crawled 0 pages (at 0 pages/min), scraped 0 items (at 0 items/min)
2022-02-14 00:02:25 [scrapy.extensions.telnet] INFO: Telnet console listening on 127.0.0.1:6023
2022-02-14 00:03:26 [scrapy.extensions.logstats] INFO: Crawled 2 pages (at 2 pages/min), scraped 93 items (at 93 items/min)
2022-02-14 00:03:27 [scrapy.core.engine] INFO: Closing spider (finished)
2022-02-14 00:03:27 [scrapy.statscollectors] INFO: Dumping Scrapy stats:
{'downloader/request_bytes': 457,
 'downloader/request_count': 2,
 'downloader/request_method_count/GET': 2,
 'downloader/response_bytes': 28900,
 'downloader/response_count': 2,
 'downloader/response_status_count/200': 2,
 'elapsed_time_seconds': 62.07267,
 'finish_reason': 'finished',
 'finish_time': datetime.datetime(2022, 2, 14, 6, 3, 27, 676488),
 'httpcompression/response_bytes': 212393,
 'httpcompression/response_count': 2,
 'item_scraped_count': 95,
 'log_count/INFO': 11,
 'memusage/max': 70385664,
 'memusage/startup': 61509632,
 'response_received_count': 2,
 'robotstxt/request_count': 1,
 'robotstxt/response_count': 1,
 'robotstxt/response_status_count/200': 1,
 'scheduler/dequeued': 1,
 'scheduler/dequeued/memory': 1,
 'scheduler/enqueued': 1,
 'scheduler/enqueued/memory': 1,
 'start_time': datetime.datetime(2022, 2, 14, 6, 2, 25, 603818)}
2022-02-14 00:03:27 [scrapy.core.engine] INFO: Spider closed (finished)
2022-02-14 00:10:32 [scrapy.utils.log] INFO: Scrapy 2.5.1 started (bot: PDFSpider)
2022-02-14 00:10:32 [scrapy.utils.log] INFO: Versions: lxml 4.6.3.0, libxml2 2.9.10, cssselect 1.1.0, parsel 1.6.0, w3lib 1.22.0, Twisted 22.1.0, Python 3.8.8 (default, Apr 13 2021, 12:59:45) - [Clang 10.0.0 ], pyOpenSSL 20.0.1 (OpenSSL 1.1.1k  25 Mar 2021), cryptography 3.4.7, Platform macOS-10.16-x86_64-i386-64bit
2022-02-14 00:10:32 [scrapy.crawler] INFO: Overridden settings:
{'BOT_NAME': 'PDFSpider',
 'LOG_FILE': 'logfile.log',
 'LOG_LEVEL': 'INFO',
 'NEWSPIDER_MODULE': 'PDFSpider.spiders',
 'ROBOTSTXT_OBEY': True,
 'SPIDER_MODULES': ['PDFSpider.spiders']}
2022-02-14 00:10:32 [scrapy.extensions.telnet] INFO: Telnet Password: 0d9534890eef6c1c
2022-02-14 00:10:32 [scrapy.middleware] INFO: Enabled extensions:
['scrapy.extensions.corestats.CoreStats',
 'scrapy.extensions.telnet.TelnetConsole',
 'scrapy.extensions.memusage.MemoryUsage',
 'scrapy.extensions.logstats.LogStats']
2022-02-14 00:10:32 [scrapy.middleware] INFO: Enabled downloader middlewares:
['scrapy.downloadermiddlewares.robotstxt.RobotsTxtMiddleware',
 'scrapy.downloadermiddlewares.httpauth.HttpAuthMiddleware',
 'scrapy.downloadermiddlewares.downloadtimeout.DownloadTimeoutMiddleware',
 'scrapy.downloadermiddlewares.defaultheaders.DefaultHeadersMiddleware',
 'scrapy.downloadermiddlewares.useragent.UserAgentMiddleware',
 'scrapy.downloadermiddlewares.retry.RetryMiddleware',
 'scrapy.downloadermiddlewares.redirect.MetaRefreshMiddleware',
 'scrapy.downloadermiddlewares.httpcompression.HttpCompressionMiddleware',
 'scrapy.downloadermiddlewares.redirect.RedirectMiddleware',
 'scrapy.downloadermiddlewares.cookies.CookiesMiddleware',
 'scrapy.downloadermiddlewares.httpproxy.HttpProxyMiddleware',
 'scrapy.downloadermiddlewares.stats.DownloaderStats']
2022-02-14 00:10:32 [scrapy.middleware] INFO: Enabled spider middlewares:
['scrapy.spidermiddlewares.httperror.HttpErrorMiddleware',
 'scrapy.spidermiddlewares.offsite.OffsiteMiddleware',
 'scrapy.spidermiddlewares.referer.RefererMiddleware',
 'scrapy.spidermiddlewares.urllength.UrlLengthMiddleware',
 'scrapy.spidermiddlewares.depth.DepthMiddleware']
2022-02-14 00:10:32 [scrapy.middleware] INFO: Enabled item pipelines:
[]
2022-02-14 00:10:32 [scrapy.core.engine] INFO: Spider opened
2022-02-14 00:10:32 [scrapy.extensions.logstats] INFO: Crawled 0 pages (at 0 pages/min), scraped 0 items (at 0 items/min)
2022-02-14 00:10:32 [scrapy.extensions.telnet] INFO: Telnet console listening on 127.0.0.1:6023
2022-02-14 00:10:39 [scrapy.crawler] INFO: Received SIGINT, shutting down gracefully. Send again to force 
2022-02-14 00:10:39 [scrapy.core.engine] INFO: Closing spider (shutdown)
2022-02-14 00:11:33 [scrapy.extensions.logstats] INFO: Crawled 2 pages (at 2 pages/min), scraped 95 items (at 95 items/min)
2022-02-14 00:11:33 [scrapy.statscollectors] INFO: Dumping Scrapy stats:
{'downloader/request_bytes': 457,
 'downloader/request_count': 2,
 'downloader/request_method_count/GET': 2,
 'downloader/response_bytes': 28900,
 'downloader/response_count': 2,
 'downloader/response_status_count/200': 2,
 'elapsed_time_seconds': 60.358041,
 'finish_reason': 'shutdown',
 'finish_time': datetime.datetime(2022, 2, 14, 6, 11, 33, 34816),
 'httpcompression/response_bytes': 212393,
 'httpcompression/response_count': 2,
 'item_scraped_count': 95,
 'log_count/INFO': 12,
 'memusage/max': 71163904,
 'memusage/startup': 60112896,
 'response_received_count': 2,
 'robotstxt/request_count': 1,
 'robotstxt/response_count': 1,
 'robotstxt/response_status_count/200': 1,
 'scheduler/dequeued': 1,
 'scheduler/dequeued/memory': 1,
 'scheduler/enqueued': 1,
 'scheduler/enqueued/memory': 1,
 'start_time': datetime.datetime(2022, 2, 14, 6, 10, 32, 676775)}
2022-02-14 00:11:33 [scrapy.core.engine] INFO: Spider closed (shutdown)
2022-02-14 00:11:46 [scrapy.utils.log] INFO: Scrapy 2.5.1 started (bot: PDFSpider)
2022-02-14 00:11:46 [scrapy.utils.log] INFO: Versions: lxml 4.6.3.0, libxml2 2.9.10, cssselect 1.1.0, parsel 1.6.0, w3lib 1.22.0, Twisted 22.1.0, Python 3.8.8 (default, Apr 13 2021, 12:59:45) - [Clang 10.0.0 ], pyOpenSSL 20.0.1 (OpenSSL 1.1.1k  25 Mar 2021), cryptography 3.4.7, Platform macOS-10.16-x86_64-i386-64bit
2022-02-14 00:11:46 [scrapy.crawler] INFO: Overridden settings:
{'BOT_NAME': 'PDFSpider',
 'LOG_FILE': 'logfile.log',
 'LOG_LEVEL': 'INFO',
 'NEWSPIDER_MODULE': 'PDFSpider.spiders',
 'ROBOTSTXT_OBEY': True,
 'SPIDER_MODULES': ['PDFSpider.spiders']}
2022-02-14 00:11:46 [scrapy.extensions.telnet] INFO: Telnet Password: 71a5512b97dc6df2
2022-02-14 00:11:46 [scrapy.middleware] INFO: Enabled extensions:
['scrapy.extensions.corestats.CoreStats',
 'scrapy.extensions.telnet.TelnetConsole',
 'scrapy.extensions.memusage.MemoryUsage',
 'scrapy.extensions.logstats.LogStats']
2022-02-14 00:11:46 [scrapy.middleware] INFO: Enabled downloader middlewares:
['scrapy.downloadermiddlewares.robotstxt.RobotsTxtMiddleware',
 'scrapy.downloadermiddlewares.httpauth.HttpAuthMiddleware',
 'scrapy.downloadermiddlewares.downloadtimeout.DownloadTimeoutMiddleware',
 'scrapy.downloadermiddlewares.defaultheaders.DefaultHeadersMiddleware',
 'scrapy.downloadermiddlewares.useragent.UserAgentMiddleware',
 'scrapy.downloadermiddlewares.retry.RetryMiddleware',
 'scrapy.downloadermiddlewares.redirect.MetaRefreshMiddleware',
 'scrapy.downloadermiddlewares.httpcompression.HttpCompressionMiddleware',
 'scrapy.downloadermiddlewares.redirect.RedirectMiddleware',
 'scrapy.downloadermiddlewares.cookies.CookiesMiddleware',
 'scrapy.downloadermiddlewares.httpproxy.HttpProxyMiddleware',
 'scrapy.downloadermiddlewares.stats.DownloaderStats']
2022-02-14 00:11:46 [scrapy.middleware] INFO: Enabled spider middlewares:
['scrapy.spidermiddlewares.httperror.HttpErrorMiddleware',
 'scrapy.spidermiddlewares.offsite.OffsiteMiddleware',
 'scrapy.spidermiddlewares.referer.RefererMiddleware',
 'scrapy.spidermiddlewares.urllength.UrlLengthMiddleware',
 'scrapy.spidermiddlewares.depth.DepthMiddleware']
2022-02-14 00:11:46 [scrapy.middleware] INFO: Enabled item pipelines:
[]
2022-02-14 00:11:46 [scrapy.core.engine] INFO: Spider opened
2022-02-14 00:11:46 [scrapy.extensions.logstats] INFO: Crawled 0 pages (at 0 pages/min), scraped 0 items (at 0 items/min)
2022-02-14 00:11:46 [scrapy.extensions.telnet] INFO: Telnet console listening on 127.0.0.1:6023
2022-02-14 00:11:50 [scrapy.core.engine] INFO: Closing spider (finished)
2022-02-14 00:11:50 [scrapy.statscollectors] INFO: Dumping Scrapy stats:
{'downloader/request_bytes': 457,
 'downloader/request_count': 2,
 'downloader/request_method_count/GET': 2,
 'downloader/response_bytes': 14016,
 'downloader/response_count': 2,
 'downloader/response_status_count/200': 1,
 'downloader/response_status_count/403': 1,
 'elapsed_time_seconds': 4.080427,
 'finish_reason': 'finished',
 'finish_time': datetime.datetime(2022, 2, 14, 6, 11, 50, 610918),
 'item_scraped_count': 10,
 'log_count/INFO': 10,
 'memusage/max': 60272640,
 'memusage/startup': 60268544,
 'response_received_count': 2,
 'robotstxt/request_count': 1,
 'robotstxt/response_count': 1,
 'robotstxt/response_status_count/403': 1,
 'scheduler/dequeued': 1,
 'scheduler/dequeued/memory': 1,
 'scheduler/enqueued': 1,
 'scheduler/enqueued/memory': 1,
 'start_time': datetime.datetime(2022, 2, 14, 6, 11, 46, 530491)}
2022-02-14 00:11:50 [scrapy.core.engine] INFO: Spider closed (finished)
2022-02-14 00:12:18 [scrapy.utils.log] INFO: Scrapy 2.5.1 started (bot: PDFSpider)
2022-02-14 00:12:18 [scrapy.utils.log] INFO: Versions: lxml 4.6.3.0, libxml2 2.9.10, cssselect 1.1.0, parsel 1.6.0, w3lib 1.22.0, Twisted 22.1.0, Python 3.8.8 (default, Apr 13 2021, 12:59:45) - [Clang 10.0.0 ], pyOpenSSL 20.0.1 (OpenSSL 1.1.1k  25 Mar 2021), cryptography 3.4.7, Platform macOS-10.16-x86_64-i386-64bit
2022-02-14 00:12:18 [scrapy.crawler] INFO: Overridden settings:
{'BOT_NAME': 'PDFSpider',
 'LOG_FILE': 'logfile.log',
 'LOG_LEVEL': 'INFO',
 'NEWSPIDER_MODULE': 'PDFSpider.spiders',
 'ROBOTSTXT_OBEY': True,
 'SPIDER_MODULES': ['PDFSpider.spiders']}
2022-02-14 00:12:18 [scrapy.extensions.telnet] INFO: Telnet Password: 3e0e9c1f8bd1b35b
2022-02-14 00:12:18 [scrapy.middleware] INFO: Enabled extensions:
['scrapy.extensions.corestats.CoreStats',
 'scrapy.extensions.telnet.TelnetConsole',
 'scrapy.extensions.memusage.MemoryUsage',
 'scrapy.extensions.logstats.LogStats']
2022-02-14 00:12:18 [scrapy.middleware] INFO: Enabled downloader middlewares:
['scrapy.downloadermiddlewares.robotstxt.RobotsTxtMiddleware',
 'scrapy.downloadermiddlewares.httpauth.HttpAuthMiddleware',
 'scrapy.downloadermiddlewares.downloadtimeout.DownloadTimeoutMiddleware',
 'scrapy.downloadermiddlewares.defaultheaders.DefaultHeadersMiddleware',
 'scrapy.downloadermiddlewares.useragent.UserAgentMiddleware',
 'scrapy.downloadermiddlewares.retry.RetryMiddleware',
 'scrapy.downloadermiddlewares.redirect.MetaRefreshMiddleware',
 'scrapy.downloadermiddlewares.httpcompression.HttpCompressionMiddleware',
 'scrapy.downloadermiddlewares.redirect.RedirectMiddleware',
 'scrapy.downloadermiddlewares.cookies.CookiesMiddleware',
 'scrapy.downloadermiddlewares.httpproxy.HttpProxyMiddleware',
 'scrapy.downloadermiddlewares.stats.DownloaderStats']
2022-02-14 00:12:18 [scrapy.middleware] INFO: Enabled spider middlewares:
['scrapy.spidermiddlewares.httperror.HttpErrorMiddleware',
 'scrapy.spidermiddlewares.offsite.OffsiteMiddleware',
 'scrapy.spidermiddlewares.referer.RefererMiddleware',
 'scrapy.spidermiddlewares.urllength.UrlLengthMiddleware',
 'scrapy.spidermiddlewares.depth.DepthMiddleware']
2022-02-14 00:12:18 [scrapy.middleware] INFO: Enabled item pipelines:
[]
2022-02-14 00:12:18 [scrapy.core.engine] INFO: Spider opened
2022-02-14 00:12:18 [scrapy.extensions.logstats] INFO: Crawled 0 pages (at 0 pages/min), scraped 0 items (at 0 items/min)
2022-02-14 00:12:18 [scrapy.extensions.telnet] INFO: Telnet console listening on 127.0.0.1:6023
2022-02-14 00:12:23 [scrapy.core.engine] INFO: Closing spider (finished)
2022-02-14 00:12:23 [scrapy.statscollectors] INFO: Dumping Scrapy stats:
{'downloader/request_bytes': 457,
 'downloader/request_count': 2,
 'downloader/request_method_count/GET': 2,
 'downloader/response_bytes': 14016,
 'downloader/response_count': 2,
 'downloader/response_status_count/200': 1,
 'downloader/response_status_count/403': 1,
 'elapsed_time_seconds': 4.848924,
 'finish_reason': 'finished',
 'finish_time': datetime.datetime(2022, 2, 14, 6, 12, 23, 505170),
 'item_scraped_count': 10,
 'log_count/INFO': 10,
 'memusage/max': 60215296,
 'memusage/startup': 60215296,
 'response_received_count': 2,
 'robotstxt/request_count': 1,
 'robotstxt/response_count': 1,
 'robotstxt/response_status_count/403': 1,
 'scheduler/dequeued': 1,
 'scheduler/dequeued/memory': 1,
 'scheduler/enqueued': 1,
 'scheduler/enqueued/memory': 1,
 'start_time': datetime.datetime(2022, 2, 14, 6, 12, 18, 656246)}
2022-02-14 00:12:23 [scrapy.core.engine] INFO: Spider closed (finished)
2022-02-14 00:12:49 [scrapy.utils.log] INFO: Scrapy 2.5.1 started (bot: PDFSpider)
2022-02-14 00:12:49 [scrapy.utils.log] INFO: Versions: lxml 4.6.3.0, libxml2 2.9.10, cssselect 1.1.0, parsel 1.6.0, w3lib 1.22.0, Twisted 22.1.0, Python 3.8.8 (default, Apr 13 2021, 12:59:45) - [Clang 10.0.0 ], pyOpenSSL 20.0.1 (OpenSSL 1.1.1k  25 Mar 2021), cryptography 3.4.7, Platform macOS-10.16-x86_64-i386-64bit
2022-02-14 00:12:49 [scrapy.crawler] INFO: Overridden settings:
{'BOT_NAME': 'PDFSpider',
 'LOG_FILE': 'logfile.log',
 'LOG_LEVEL': 'INFO',
 'NEWSPIDER_MODULE': 'PDFSpider.spiders',
 'ROBOTSTXT_OBEY': True,
 'SPIDER_MODULES': ['PDFSpider.spiders']}
2022-02-14 00:12:49 [scrapy.extensions.telnet] INFO: Telnet Password: 442917165d8ae8c1
2022-02-14 00:12:49 [scrapy.middleware] INFO: Enabled extensions:
['scrapy.extensions.corestats.CoreStats',
 'scrapy.extensions.telnet.TelnetConsole',
 'scrapy.extensions.memusage.MemoryUsage',
 'scrapy.extensions.logstats.LogStats']
2022-02-14 00:12:49 [scrapy.middleware] INFO: Enabled downloader middlewares:
['scrapy.downloadermiddlewares.robotstxt.RobotsTxtMiddleware',
 'scrapy.downloadermiddlewares.httpauth.HttpAuthMiddleware',
 'scrapy.downloadermiddlewares.downloadtimeout.DownloadTimeoutMiddleware',
 'scrapy.downloadermiddlewares.defaultheaders.DefaultHeadersMiddleware',
 'scrapy.downloadermiddlewares.useragent.UserAgentMiddleware',
 'scrapy.downloadermiddlewares.retry.RetryMiddleware',
 'scrapy.downloadermiddlewares.redirect.MetaRefreshMiddleware',
 'scrapy.downloadermiddlewares.httpcompression.HttpCompressionMiddleware',
 'scrapy.downloadermiddlewares.redirect.RedirectMiddleware',
 'scrapy.downloadermiddlewares.cookies.CookiesMiddleware',
 'scrapy.downloadermiddlewares.httpproxy.HttpProxyMiddleware',
 'scrapy.downloadermiddlewares.stats.DownloaderStats']
2022-02-14 00:12:49 [scrapy.middleware] INFO: Enabled spider middlewares:
['scrapy.spidermiddlewares.httperror.HttpErrorMiddleware',
 'scrapy.spidermiddlewares.offsite.OffsiteMiddleware',
 'scrapy.spidermiddlewares.referer.RefererMiddleware',
 'scrapy.spidermiddlewares.urllength.UrlLengthMiddleware',
 'scrapy.spidermiddlewares.depth.DepthMiddleware']
2022-02-14 00:12:49 [scrapy.middleware] INFO: Enabled item pipelines:
[]
2022-02-14 00:12:49 [scrapy.core.engine] INFO: Spider opened
2022-02-14 00:12:49 [scrapy.extensions.logstats] INFO: Crawled 0 pages (at 0 pages/min), scraped 0 items (at 0 items/min)
2022-02-14 00:12:49 [scrapy.extensions.telnet] INFO: Telnet console listening on 127.0.0.1:6023
2022-02-14 00:12:54 [scrapy.core.engine] INFO: Closing spider (finished)
2022-02-14 00:12:54 [scrapy.statscollectors] INFO: Dumping Scrapy stats:
{'downloader/request_bytes': 457,
 'downloader/request_count': 2,
 'downloader/request_method_count/GET': 2,
 'downloader/response_bytes': 14016,
 'downloader/response_count': 2,
 'downloader/response_status_count/200': 1,
 'downloader/response_status_count/403': 1,
 'elapsed_time_seconds': 4.221948,
 'finish_reason': 'finished',
 'finish_time': datetime.datetime(2022, 2, 14, 6, 12, 54, 187130),
 'item_scraped_count': 10,
 'log_count/INFO': 10,
 'memusage/max': 60198912,
 'memusage/startup': 60194816,
 'response_received_count': 2,
 'robotstxt/request_count': 1,
 'robotstxt/response_count': 1,
 'robotstxt/response_status_count/403': 1,
 'scheduler/dequeued': 1,
 'scheduler/dequeued/memory': 1,
 'scheduler/enqueued': 1,
 'scheduler/enqueued/memory': 1,
 'start_time': datetime.datetime(2022, 2, 14, 6, 12, 49, 965182)}
2022-02-14 00:12:54 [scrapy.core.engine] INFO: Spider closed (finished)
2022-02-14 00:13:08 [scrapy.utils.log] INFO: Scrapy 2.5.1 started (bot: PDFSpider)
2022-02-14 00:13:08 [scrapy.utils.log] INFO: Versions: lxml 4.6.3.0, libxml2 2.9.10, cssselect 1.1.0, parsel 1.6.0, w3lib 1.22.0, Twisted 22.1.0, Python 3.8.8 (default, Apr 13 2021, 12:59:45) - [Clang 10.0.0 ], pyOpenSSL 20.0.1 (OpenSSL 1.1.1k  25 Mar 2021), cryptography 3.4.7, Platform macOS-10.16-x86_64-i386-64bit
2022-02-14 00:13:08 [scrapy.crawler] INFO: Overridden settings:
{'BOT_NAME': 'PDFSpider',
 'LOG_FILE': 'logfile.log',
 'LOG_LEVEL': 'INFO',
 'NEWSPIDER_MODULE': 'PDFSpider.spiders',
 'ROBOTSTXT_OBEY': True,
 'SPIDER_MODULES': ['PDFSpider.spiders']}
2022-02-14 00:13:08 [scrapy.extensions.telnet] INFO: Telnet Password: 3a86a32c1a61fe20
2022-02-14 00:13:08 [scrapy.middleware] INFO: Enabled extensions:
['scrapy.extensions.corestats.CoreStats',
 'scrapy.extensions.telnet.TelnetConsole',
 'scrapy.extensions.memusage.MemoryUsage',
 'scrapy.extensions.logstats.LogStats']
2022-02-14 00:13:08 [scrapy.middleware] INFO: Enabled downloader middlewares:
['scrapy.downloadermiddlewares.robotstxt.RobotsTxtMiddleware',
 'scrapy.downloadermiddlewares.httpauth.HttpAuthMiddleware',
 'scrapy.downloadermiddlewares.downloadtimeout.DownloadTimeoutMiddleware',
 'scrapy.downloadermiddlewares.defaultheaders.DefaultHeadersMiddleware',
 'scrapy.downloadermiddlewares.useragent.UserAgentMiddleware',
 'scrapy.downloadermiddlewares.retry.RetryMiddleware',
 'scrapy.downloadermiddlewares.redirect.MetaRefreshMiddleware',
 'scrapy.downloadermiddlewares.httpcompression.HttpCompressionMiddleware',
 'scrapy.downloadermiddlewares.redirect.RedirectMiddleware',
 'scrapy.downloadermiddlewares.cookies.CookiesMiddleware',
 'scrapy.downloadermiddlewares.httpproxy.HttpProxyMiddleware',
 'scrapy.downloadermiddlewares.stats.DownloaderStats']
2022-02-14 00:13:08 [scrapy.middleware] INFO: Enabled spider middlewares:
['scrapy.spidermiddlewares.httperror.HttpErrorMiddleware',
 'scrapy.spidermiddlewares.offsite.OffsiteMiddleware',
 'scrapy.spidermiddlewares.referer.RefererMiddleware',
 'scrapy.spidermiddlewares.urllength.UrlLengthMiddleware',
 'scrapy.spidermiddlewares.depth.DepthMiddleware']
2022-02-14 00:13:08 [scrapy.middleware] INFO: Enabled item pipelines:
[]
2022-02-14 00:13:08 [scrapy.core.engine] INFO: Spider opened
2022-02-14 00:13:09 [scrapy.extensions.logstats] INFO: Crawled 0 pages (at 0 pages/min), scraped 0 items (at 0 items/min)
2022-02-14 00:13:09 [scrapy.extensions.telnet] INFO: Telnet console listening on 127.0.0.1:6023
2022-02-14 00:14:03 [scrapy.core.engine] INFO: Closing spider (finished)
2022-02-14 00:14:03 [scrapy.statscollectors] INFO: Dumping Scrapy stats:
{'downloader/request_bytes': 457,
 'downloader/request_count': 2,
 'downloader/request_method_count/GET': 2,
 'downloader/response_bytes': 28900,
 'downloader/response_count': 2,
 'downloader/response_status_count/200': 2,
 'elapsed_time_seconds': 54.751986,
 'finish_reason': 'finished',
 'finish_time': datetime.datetime(2022, 2, 14, 6, 14, 3, 753724),
 'httpcompression/response_bytes': 212393,
 'httpcompression/response_count': 2,
 'item_scraped_count': 95,
 'log_count/INFO': 10,
 'memusage/max': 60522496,
 'memusage/startup': 60522496,
 'response_received_count': 2,
 'robotstxt/request_count': 1,
 'robotstxt/response_count': 1,
 'robotstxt/response_status_count/200': 1,
 'scheduler/dequeued': 1,
 'scheduler/dequeued/memory': 1,
 'scheduler/enqueued': 1,
 'scheduler/enqueued/memory': 1,
 'start_time': datetime.datetime(2022, 2, 14, 6, 13, 9, 1738)}
2022-02-14 00:14:03 [scrapy.core.engine] INFO: Spider closed (finished)
